<?xml version="1.0" encoding="UTF-8"?>
<!-- Generated by org.testng.reporters.JUnitReportReporter -->
<testsuite skipped="0" hostname="NCS-PC" name="abc.day1" tests="3" failures="0" timestamp="2020-08-17T16:11:06 IST" time="0.062" errors="0">
  <testcase name="facebook" time="0.031" classname="abc.day1"/>
  <system-out/>
  <testcase name="whatsappchecking" time="0.016" classname="abc.day1"/>
  <system-out/>
  <testcase name="mobilesendingmessage" time="0.015" classname="abc.day1"/>
  <system-out/>
</testsuite> <!-- abc.day1 -->
