<?xml version="1.0" encoding="UTF-8"?>
<!-- Generated by org.testng.reporters.JUnitReportReporter -->
<testsuite skipped="0" hostname="NCS-PC" name="abc.Dataprovider" tests="5" failures="0" timestamp="2020-08-13T17:02:38 IST" time="0.049" errors="0">
  <testcase name="login" time="0.032" classname="abc.Dataprovider"/>
  <system-out/>
  <testcase name="login" time="0.017" classname="abc.Dataprovider"/>
  <system-out/>
  <testcase name="dataprocessing" time="0.000" classname="abc.Dataprovider"/>
  <system-out/>
  <testcase name="login" time="0.000" classname="abc.Dataprovider"/>
  <system-out/>
  <testcase name="logout" time="0.000" classname="abc.Dataprovider"/>
  <system-out/>
</testsuite> <!-- abc.Dataprovider -->
