<?xml version="1.0" encoding="UTF-8"?>
<!-- Generated by org.testng.reporters.JUnitReportReporter -->
<testsuite skipped="0" hostname="NCS-PC" name="abc.day2" tests="2" failures="0" timestamp="2020-08-13T00:23:34 IST" time="0.000" errors="0">
  <testcase name="Webwhatsapp" time="0.000" classname="abc.day2"/>
  <system-out/>
  <testcase name="Webfacebook" time="0.000" classname="abc.day2"/>
  <system-out/>
</testsuite> <!-- abc.day2 -->
