<?xml version="1.0" encoding="UTF-8"?>
<!-- Generated by org.testng.reporters.JUnitReportReporter -->
<testsuite skipped="0" hostname="NCS-PC" name="Ex1" tests="2" failures="0" timestamp="2020-08-10T14:59:17 IST" time="33.788" errors="0">
  <testcase name="Quickyes" time="18.168" classname="Ex1"/>
  <system-out/>
  <testcase name="google" time="15.620" classname="Ex1"/>
  <system-out/>
</testsuite> <!-- Ex1 -->
