<?xml version="1.0" encoding="UTF-8"?>
<!-- Generated by org.testng.reporters.JUnitReportReporter -->
<testsuite skipped="0" hostname="NCS-PC" name="abc.day4" tests="5" failures="0" timestamp="2020-08-12T23:41:00 IST" time="0.034" errors="0">
  <testcase name="apple" time="0.031" classname="abc.day4"/>
  <system-out/>
  <testcase name="boy" time="0.000" classname="abc.day4"/>
  <system-out/>
  <testcase name="cat" time="0.000" classname="abc.day4"/>
  <system-out/>
  <testcase name="elephant" time="0.003" classname="abc.day4"/>
  <system-out/>
  <testcase name="dog" time="0.000" classname="abc.day4"/>
  <system-out/>
</testsuite> <!-- abc.day4 -->
