<?xml version="1.0" encoding="UTF-8"?>
<!-- Generated by org.testng.reporters.JUnitReportReporter -->
<testsuite skipped="0" hostname="NCS-PC" name="abc.Priority" tests="4" failures="0" timestamp="2020-08-13T22:32:27 IST" time="344.304" errors="0">
  <testcase name="facebook" time="124.108" classname="abc.Priority"/>
  <system-out/>
  <testcase name="Instagram" time="76.886" classname="abc.Priority"/>
  <system-out/>
  <testcase name="Quickyes" time="57.112" classname="abc.Priority"/>
  <system-out/>
  <testcase name="google" time="86.198" classname="abc.Priority"/>
  <system-out/>
</testsuite> <!-- abc.Priority -->
