<?xml version="1.0" encoding="UTF-8"?>
<!-- Generated by org.testng.reporters.JUnitReportReporter -->
<testsuite skipped="0" hostname="NCS-PC" name="abc.Parallel_demo" tests="2" failures="0" timestamp="2020-08-17T15:40:58 IST" time="123.414" errors="0">
  <testcase name="Salesforce" time="89.075" classname="abc.Parallel_demo"/>
  <system-out/>
  <testcase name="google" time="34.339" classname="abc.Parallel_demo"/>
  <system-out/>
</testsuite> <!-- abc.Parallel_demo -->
