<?xml version="1.0" encoding="UTF-8"?>
<!-- Generated by org.testng.reporters.JUnitReportReporter -->
<testsuite skipped="0" hostname="NCS-PC" name="abc.Dataprovider2" tests="7" failures="0" timestamp="2020-08-13T18:25:20 IST" time="110.390" errors="0">
  <testcase name="b" time="47.128" classname="abc.Dataprovider2"/>
  <system-out/>
  <testcase name="c" time="0.885" classname="abc.Dataprovider2"/>
  <system-out/>
  <testcase name="c" time="0.606" classname="abc.Dataprovider2"/>
  <system-out/>
  <testcase name="c" time="0.675" classname="abc.Dataprovider2"/>
  <system-out/>
  <testcase name="d" time="0.003" classname="abc.Dataprovider2"/>
  <system-out/>
  <testcase name="e" time="0.004" classname="abc.Dataprovider2"/>
  <system-out/>
  <testcase name="a" time="61.089" classname="abc.Dataprovider2"/>
  <system-out/>
</testsuite> <!-- abc.Dataprovider2 -->
