<?xml version="1.0" encoding="UTF-8"?>
<!-- Generated by org.testng.reporters.JUnitReportReporter -->
<testsuite skipped="0" hostname="NCS-PC" name="abc.DepentMeth" tests="3" failures="0" timestamp="2020-08-13T00:01:55 IST" time="20.321" errors="0">
  <testcase name="openbrowser" time="8.134" classname="abc.DepentMeth"/>
  <system-out/>
  <testcase name="Enterurl" time="12.151" classname="abc.DepentMeth"/>
  <system-out/>
  <testcase name="datatitle" time="0.036" classname="abc.DepentMeth"/>
  <system-out/>
</testsuite> <!-- abc.DepentMeth -->
