<?xml version="1.0" encoding="UTF-8"?>
<!-- Generated by org.testng.reporters.JUnitReportReporter -->
<testsuite skipped="0" hostname="NCS-PC" name="abc.Parameter" tests="8" failures="0" timestamp="2020-08-13T22:46:04 IST" time="104.771" errors="0">
  <testcase name="datatitle" time="3.627" classname="abc.Parameter"/>
  <system-out/>
  <testcase name="Enterurl" time="16.049" classname="abc.Parameter"/>
  <system-out/>
  <testcase name="ztaskcomplete" time="5.119" classname="abc.Parameter"/>
  <system-out/>
  <testcase name="openbrowser" time="27.940" classname="abc.Parameter"/>
  <system-out/>
  <testcase name="datatitle" time="0.841" classname="abc.Parameter"/>
  <system-out/>
  <testcase name="ztaskcomplete" time="5.178" classname="abc.Parameter"/>
  <system-out/>
  <testcase name="openbrowser" time="17.707" classname="abc.Parameter"/>
  <system-out/>
  <testcase name="Enterurl" time="28.310" classname="abc.Parameter"/>
  <system-out/>
</testsuite> <!-- abc.Parameter -->
