<?xml version="1.0" encoding="UTF-8"?>
<!-- Generated by org.testng.reporters.JUnitReportReporter -->
<testsuite skipped="0" hostname="NCS-PC" name="Testng2" tests="1" failures="0" timestamp="2020-08-08T21:15:33 IST" time="0.028" errors="0">
  <testcase name="f" time="0.028" classname="Testng2"/>
  <system-out/>
</testsuite> <!-- Testng2 -->
