<?xml version="1.0" encoding="UTF-8"?>
<!-- Generated by org.testng.reporters.JUnitReportReporter -->
<testsuite skipped="1" hostname="NCS-PC" name="abc.day3" tests="4" failures="0" timestamp="2020-08-13T00:27:16 IST" time="0.048" errors="0">
  <testcase name="hike" time="0.000" classname="abc.day3"/>
  <system-out/>
  <testcase name="data" time="0.032" classname="abc.day3"/>
  <system-out/>
  <testcase name="word" time="0.016" classname="abc.day3"/>
  <system-out/>
  <testcase name="exel" classname="abc.day3">
    <skipped/>
  </testcase> <!-- exel -->
  <system-out/>
</testsuite> <!-- abc.day3 -->
